<?xml version="1.0" encoding="UTF-8"?>
<testng-results skipped="0" failed="0" ignored="0" total="1" passed="1">
  <reporter-output>
  </reporter-output>
  <suite name="Default suite" duration-ms="25581" started-at="2022-12-17T10:32:34 IST" finished-at="2022-12-17T10:32:59 IST">
    <groups>
    </groups>
    <test name="Default test" duration-ms="25581" started-at="2022-12-17T10:32:34 IST" finished-at="2022-12-17T10:32:59 IST">
      <class name="coding.Test4">
        <test-method status="PASS" signature="test2()[pri:0, instance:coding.Test4@76a3e297]" name="test2" duration-ms="25506" started-at="2022-12-17T10:32:34 IST" finished-at="2022-12-17T10:32:59 IST">
          <reporter-output>
          </reporter-output>
        </test-method> <!-- test2 -->
      </class> <!-- coding.Test4 -->
    </test> <!-- Default test -->
  </suite> <!-- Default suite -->
</testng-results>
